#
# There is insufficient memory for the Java Runtime Environment to continue.
# Native memory allocation (mmap) failed to map 266338304 bytes for G1 virtual space
# Possible reasons:
#   The system is out of physical RAM or swap space
#   The process is running with CompressedOops enabled, and the Java Heap may be blocking the growth of the native heap
# Possible solutions:
#   Reduce memory load on the system
#   Increase physical memory or swap space
#   Check if swap backing store is full
#   Decrease Java heap size (-Xmx/-Xms)
#   Decrease number of Java threads
#   Decrease Java thread stack sizes (-Xss)
#   Set larger code cache with -XX:ReservedCodeCacheSize=
#   JVM is running with Zero Based Compressed Oops mode in which the Java heap is
#     placed in the first 32GB address space. The Java Heap base address is the
#     maximum limit for the native heap growth. Please use -XX:HeapBaseMinAddress
#     to set the Java Heap base and to place the Java Heap above 32GB virtual address.
# This output file may be truncated or incomplete.
#
#  Out of Memory Error (os_windows.cpp:3535), pid=15964, tid=18172
#
# JRE version:  (17.0.3.1+2) (build )
# Java VM: Java HotSpot(TM) 64-Bit Server VM (17.0.3.1+2-LTS-6, mixed mode, sharing, tiered, compressed oops, compressed class ptrs, g1 gc, windows-amd64)
# No core dump will be written. Minidumps are not enabled by default on client versions of Windows
#

---------------  S U M M A R Y ------------

Command Line: -javaagent:E:\Programlar\IntelliJ IDEA Educational Edition 2022.2.2\lib\idea_rt.jar=64408:E:\Programlar\IntelliJ IDEA Educational Edition 2022.2.2\bin -Dfile.encoding=UTF-8 org.example.Main

Host: Intel(R) Core(TM) i7-6700HQ CPU @ 2.60GHz, 8 cores, 15G,  Windows 10 , 64 bit Build 19041 (10.0.19041.3570)
Time: Wed Oct 25 15:58:45 2023 Türkiye Standart Saati elapsed time: 0.129942 seconds (0d 0h 0m 0s)

---------------  T H R E A D  ---------------

Current thread (0x000002c7ea6dfef0):  JavaThread "Unknown thread" [_thread_in_vm, id=18172, stack(0x000000d8d9100000,0x000000d8d9200000)]

Stack: [0x000000d8d9100000,0x000000d8d9200000]
Native frames: (J=compiled Java code, j=interpreted, Vv=VM code, C=native code)
V  [jvm.dll+0x6711ba]
V  [jvm.dll+0x7d0834]
V  [jvm.dll+0x7d1fde]
V  [jvm.dll+0x7d2643]
V  [jvm.dll+0x242c85]
V  [jvm.dll+0x66e0d9]
V  [jvm.dll+0x662a22]
V  [jvm.dll+0x300ddb]
V  [jvm.dll+0x308376]
V  [jvm.dll+0x357f7e]
V  [jvm.dll+0x3581af]
V  [jvm.dll+0x2d7ff8]
V  [jvm.dll+0x2d8f64]
V  [jvm.dll+0x7a2411]
V  [jvm.dll+0x365d01]
V  [jvm.dll+0x78187c]
V  [jvm.dll+0x3e873f]
V  [jvm.dll+0x3ea1e1]
C  [jli.dll+0x527b]
C  [ucrtbase.dll+0x21bb2]
C  [KERNEL32.DLL+0x17344]
C  [ntdll.dll+0x526b1]


---------------  P R O C E S S  ---------------

Threads class SMR info:
_java_thread_list=0x00007ffa51249858, length=0, elements={
}

Java Threads: ( => current thread )

Other Threads:
  0x000002c7ea74aa00 GCTaskThread "GC Thread#0" [stack: 0x000000d8d9200000,0x000000d8d9300000] [id=22312]
  0x000002c7ea75b610 ConcurrentGCThread "G1 Main Marker" [stack: 0x000000d8d9300000,0x000000d8d9400000] [id=14624]
  0x000002c7ea75c7c0 ConcurrentGCThread "G1 Conc#0" [stack: 0x000000d8d9400000,0x000000d8d9500000] [id=22564]

[error occurred during error reporting (printing all threads), id 0xc0000005, EXCEPTION_ACCESS_VIOLATION (0xc0000005) at pc=0x00007ffa50a989e7]

VM state: not at safepoint (not fully initialized)

VM Mutex/Monitor currently owned by a thread:  ([mutex/lock_event])
[0x000002c7ea6da790] Heap_lock - owner thread: 0x000002c7ea6dfef0

Heap address: 0x0000000703200000, size: 4046 MB, Compressed Oops mode: Zero based, Oop shift amount: 3

CDS archive(s) mapped at: [0x0000000000000000-0x0000000000000000-0x0000000000000000), size 0, SharedBaseAddress: 0x0000000800000000, ArchiveRelocationMode: 0.
Narrow klass base: 0x0000000000000000, Narrow klass shift: 0, Narrow klass range: 0x0

GC Precious Log:
<Empty>

Heap:
 garbage-first heap   total 0K, used 0K [0x0000000703200000, 0x0000000800000000)
  region size 2048K, 0 young (0K), 0 survivors (0K)

[error occurred during error reporting (printing heap information), id 0xc0000005, EXCEPTION_ACCESS_VIOLATION (0xc0000005) at pc=0x00007ffa50e7a629]

GC Heap History (0 events):
No events

Deoptimization events (0 events):
No events

Classes unloaded (0 events):
No events

Classes redefined (0 events):
No events

Internal exceptions (0 events):
No events

VM Operations (0 events):
No events

Events (1 events):
Event: 0.015 Loaded shared library C:\Program Files\Java\jdk-17.0.3.1\bin\java.dll


Dynamic libraries:
0x00007ff707fa0000 - 0x00007ff707fb0000 	C:\Program Files\Java\jdk-17.0.3.1\bin\java.exe
0x00007ffacd650000 - 0x00007ffacd847000 	C:\WINDOWS\SYSTEM32\ntdll.dll
0x00007ffacd3a0000 - 0x00007ffacd45d000 	C:\WINDOWS\System32\KERNEL32.DLL
0x00007ffacb210000 - 0x00007ffacb506000 	C:\WINDOWS\System32\KERNELBASE.dll
0x00007ffacb540000 - 0x00007ffacb640000 	C:\WINDOWS\System32\ucrtbase.dll
0x00007ffac0300000 - 0x00007ffac0318000 	C:\Program Files\Java\jdk-17.0.3.1\bin\jli.dll
0x00007ffac0090000 - 0x00007ffac00aa000 	C:\Program Files\Java\jdk-17.0.3.1\bin\VCRUNTIME140.dll
0x00007ffacd1d0000 - 0x00007ffacd27e000 	C:\WINDOWS\System32\ADVAPI32.dll
0x00007ffacbeb0000 - 0x00007ffacbf4e000 	C:\WINDOWS\System32\msvcrt.dll
0x00007ffacb6b0000 - 0x00007ffacb74c000 	C:\WINDOWS\System32\sechost.dll
0x00007ffacd4e0000 - 0x00007ffacd606000 	C:\WINDOWS\System32\RPCRT4.dll
0x00007ffacd030000 - 0x00007ffacd1ce000 	C:\WINDOWS\System32\USER32.dll
0x00007ffacb1e0000 - 0x00007ffacb202000 	C:\WINDOWS\System32\win32u.dll
0x00007ffacd000000 - 0x00007ffacd02c000 	C:\WINDOWS\System32\GDI32.dll
0x00007ffac0da0000 - 0x00007ffac103a000 	C:\WINDOWS\WinSxS\amd64_microsoft.windows.common-controls_6595b64144ccf1df_6.0.19041.3570_none_60bb2a3971f3e41a\COMCTL32.dll
0x00007ffacaf60000 - 0x00007ffacb07a000 	C:\WINDOWS\System32\gdi32full.dll
0x00007ffacad30000 - 0x00007ffacadcd000 	C:\WINDOWS\System32\msvcp_win.dll
0x00007ffac17f0000 - 0x00007ffac17fa000 	C:\WINDOWS\SYSTEM32\VERSION.dll
0x00007ffaccba0000 - 0x00007ffaccbd0000 	C:\WINDOWS\System32\IMM32.DLL
0x00007ffac4b60000 - 0x00007ffac4b6c000 	C:\Program Files\Java\jdk-17.0.3.1\bin\vcruntime140_1.dll
0x00007ffa96690000 - 0x00007ffa9671d000 	C:\Program Files\Java\jdk-17.0.3.1\bin\msvcp140.dll
0x00007ffa507b0000 - 0x00007ffa51370000 	C:\Program Files\Java\jdk-17.0.3.1\bin\server\jvm.dll
0x00007ffacbea0000 - 0x00007ffacbea8000 	C:\WINDOWS\System32\PSAPI.DLL
0x00007ffac0b30000 - 0x00007ffac0b39000 	C:\WINDOWS\SYSTEM32\WSOCK32.dll
0x00007ffabbf60000 - 0x00007ffabbf87000 	C:\WINDOWS\SYSTEM32\WINMM.dll
0x00007ffaccb30000 - 0x00007ffaccb9b000 	C:\WINDOWS\System32\WS2_32.dll
0x00007ffac95b0000 - 0x00007ffac95c2000 	C:\WINDOWS\SYSTEM32\kernel.appcore.dll
0x00007ffac4b10000 - 0x00007ffac4b1a000 	C:\Program Files\Java\jdk-17.0.3.1\bin\jimage.dll
0x00007ffac8ae0000 - 0x00007ffac8cc4000 	C:\WINDOWS\SYSTEM32\DBGHELP.DLL
0x00007ffac1080000 - 0x00007ffac10b4000 	C:\WINDOWS\SYSTEM32\dbgcore.DLL
0x00007ffacadd0000 - 0x00007ffacae52000 	C:\WINDOWS\System32\bcryptPrimitives.dll
0x00007ffac03a0000 - 0x00007ffac03ae000 	C:\Program Files\Java\jdk-17.0.3.1\bin\instrument.dll
0x00007ffabf5f0000 - 0x00007ffabf615000 	C:\Program Files\Java\jdk-17.0.3.1\bin\java.dll

dbghelp: loaded successfully - version: 4.0.5 - missing functions: none
symbol engine: initialized successfully - sym options: 0x614 - pdb path: .;C:\Program Files\Java\jdk-17.0.3.1\bin;C:\WINDOWS\SYSTEM32;C:\WINDOWS\WinSxS\amd64_microsoft.windows.common-controls_6595b64144ccf1df_6.0.19041.3570_none_60bb2a3971f3e41a;C:\Program Files\Java\jdk-17.0.3.1\bin\server

VM Arguments:
jvm_args: -javaagent:E:\Programlar\IntelliJ IDEA Educational Edition 2022.2.2\lib\idea_rt.jar=64408:E:\Programlar\IntelliJ IDEA Educational Edition 2022.2.2\bin -Dfile.encoding=UTF-8 
java_command: org.example.Main
java_class_path (initial): E:\PROJECTS\tobeto.1b.homework.ecommerce\target\classes
Launcher Type: SUN_STANDARD

[Global flags]
     intx CICompilerCount                          = 4                                         {product} {ergonomic}
     uint ConcGCThreads                            = 2                                         {product} {ergonomic}
     uint G1ConcRefinementThreads                  = 8                                         {product} {ergonomic}
   size_t G1HeapRegionSize                         = 2097152                                   {product} {ergonomic}
    uintx GCDrainStackTargetSize                   = 64                                        {product} {ergonomic}
   size_t InitialHeapSize                          = 266338304                                 {product} {ergonomic}
   size_t MarkStackSize                            = 4194304                                   {product} {ergonomic}
   size_t MaxHeapSize                              = 4242538496                                {product} {ergonomic}
   size_t MinHeapDeltaBytes                        = 2097152                                   {product} {ergonomic}
   size_t MinHeapSize                              = 8388608                                   {product} {ergonomic}
    uintx NonNMethodCodeHeapSize                   = 5839372                                {pd product} {ergonomic}
    uintx NonProfiledCodeHeapSize                  = 122909434                              {pd product} {ergonomic}
    uintx ProfiledCodeHeapSize                     = 122909434                              {pd product} {ergonomic}
    uintx ReservedCodeCacheSize                    = 251658240                              {pd product} {ergonomic}
     bool SegmentedCodeCache                       = true                                      {product} {ergonomic}
   size_t SoftMaxHeapSize                          = 4242538496                             {manageable} {ergonomic}
     bool UseCompressedClassPointers               = true                           {product lp64_product} {ergonomic}
     bool UseCompressedOops                        = true                           {product lp64_product} {ergonomic}
     bool UseG1GC                                  = true                                      {product} {ergonomic}
     bool UseLargePagesIndividualAllocation        = false                                  {pd product} {ergonomic}

Logging:
Log output configuration:
 #0: stdout all=warning uptime,level,tags
 #1: stderr all=off uptime,level,tags

Environment Variables:
JAVA_HOME=C:\Program Files\Java\jdk-9.0.4
PATH=C:\Program Files\Common Files\Oracle\Java\javapath;C:\Program Files (x86)\Common Files\Intel\Shared Libraries\redist\intel64\compiler;C:\Windows\System32;E:\programlar\;C:\WINDOWS\system32;C:\WINDOWS;C:\WINDOWS\System32\Wbem;C:\WINDOWS\System32\WindowsPowerShell\v1.0\;C:\Users\deniz\AppData\Local\Android\Sdk\platform-tools;C:\Gradle\gradle-4.7\bin;C:\WINDOWS\System32\OpenSSH\;C:\Program Files\Microsoft SQL Server\Client SDK\ODBC\130\Tools\Binn\;C:\Program Files (x86)\Microsoft SQL Server\140\Tools\Binn\;C:\Program Files\Microsoft SQL Server\140\Tools\Binn\;C:\Program Files\Microsoft SQL Server\140\DTS\Binn\;C:\Program Files\Microsoft SQL Server\130\Tools\Binn\;C:\Program Files\Microsoft SQL Server\Client SDK\ODBC\170\Tools\Binn\;C:\Program Files\dotnet\;C:\Program Files (x86)\GtkSharp\2.12\bin;C:\Program Files (x86)\dotnet\;C:\Program Files\Git\cmd;C:\Program Files\Azure Data Studio\bin;C:\Program Files (x86)\Microsoft SQL Server\150\DTS\Binn\;C:\Program Files (x86)\Microsoft SQL Server\160\DTS\Binn\;C:\Windows\System32;C:\Users\deniz\AppData\Local\Microsoft\WindowsApps;C:\Users\deniz\AppData\Local\GitHubDesktop\bin;C:\Users\deniz\AppData\Local\Microsoft\WindowsApps;C:\Users\deniz\.dotnet\tools;;E:\MasaüstüProgramlar\Microsoft VS Code\bin;C:\Program Files\Azure Data Studio\bin;E:\Programlar\IntelliJ IDEA Educational Edition 2022.2.2\bin;
USERNAME=deniz
OS=Windows_NT
PROCESSOR_IDENTIFIER=Intel64 Family 6 Model 94 Stepping 3, GenuineIntel



---------------  S Y S T E M  ---------------

OS:
 Windows 10 , 64 bit Build 19041 (10.0.19041.3570)
OS uptime: 4 days 3:42 hours

CPU: total 8 (initial active 8) (4 cores per cpu, 2 threads per core) family 6 model 94 stepping 3 microcode 0xcc, cx8, cmov, fxsr, ht, mmx, 3dnowpref, sse, sse2, sse3, ssse3, sse4.1, sse4.2, popcnt, lzcnt, tsc, tscinvbit, avx, avx2, aes, erms, clmul, bmi1, bmi2, rtm, adx, fma, vzeroupper, clflush, clflushopt

Memory: 4k page, system-wide physical 16178M (4128M free)
TotalPageFile size 19378M (AvailPageFile size 213M)
current process WorkingSet (physical memory assigned to process): 10M, peak: 10M
current process commit charge ("private bytes"): 60M, peak: 314M

vm_info: Java HotSpot(TM) 64-Bit Server VM (17.0.3.1+2-LTS-6) for windows-amd64 JRE (17.0.3.1+2-LTS-6), built on Apr 25 2022 22:04:21 by "mach5one" with MS VC++ 16.8 / 16.9 (VS2019)

END.
